<?xml version="1.0" encoding="UTF-8"?>
<!-- Generated by org.testng.reporters.JUnitReportReporter -->
<testsuite hostname="Vipin99Lappi" failures="0" tests="7" name="Runner.test_user_oprations" time="95.406" errors="0" timestamp="2023-07-19T19:56:57 IST" skipped="0">
  <testcase classname="Runner.test_user_oprations" name="test_launch_site" time="3.433"/>
  <testcase classname="Runner.test_user_oprations" name="test_customerLoginbtn" time="13.135"/>
  <testcase classname="Runner.test_user_oprations" name="Test_BankmanagerLoginbtn" time="13.106"/>
  <testcase classname="Runner.test_user_oprations" name="costomer_login_oprations" time="25.864"/>
  <testcase classname="Runner.test_user_oprations" name="depoit_opration" time="12.278"/>
  <testcase classname="Runner.test_user_oprations" name="withdrawl_Opration" time="16.286"/>
  <testcase classname="Runner.test_user_oprations" name="test_transactions" time="11.304"/>
</testsuite> <!-- Runner.test_user_oprations -->
