<?xml version="1.0" encoding="UTF-8"?>
<!-- Generated by org.testng.reporters.JUnitReportReporter -->
<testsuite hostname="Vipin99Lappi" failures="0" tests="8" name="Runner.test_user_logoutOprations" time="97.294" errors="0" timestamp="2023-07-21T13:50:23 IST" skipped="0">
  <testcase classname="Runner.test_user_logoutOprations" name="test_launch_site" time="5.315"/>
  <testcase classname="Runner.test_user_logoutOprations" name="test_customerLoginbtn" time="13.139"/>
  <testcase classname="Runner.test_user_logoutOprations" name="Test_BankmanagerLoginbtn" time="13.121"/>
  <testcase classname="Runner.test_user_logoutOprations" name="costomer_login_oprations" time="25.804"/>
  <testcase classname="Runner.test_user_logoutOprations" name="depoit_opration" time="12.264"/>
  <testcase classname="Runner.test_user_logoutOprations" name="withdrawl_Opration" time="16.265"/>
  <testcase classname="Runner.test_user_logoutOprations" name="test_transactions" time="11.280"/>
  <testcase classname="Runner.test_user_logoutOprations" name="Click_on_logout_by_customer" time="0.106"/>
</testsuite> <!-- Runner.test_user_logoutOprations -->
