<?xml version="1.0" encoding="UTF-8"?>
<!-- Generated by org.testng.reporters.JUnitReportReporter -->
<testsuite hostname="Vipin99Lappi" failures="0" tests="1" name="Runner_class.Testloginpage" time="0.929" errors="0" timestamp="2023-07-08T19:23:37 IST" skipped="0">
  <testcase classname="Runner_class.Testloginpage" name="testTitle" time="0.929"/>
</testsuite> <!-- Runner_class.Testloginpage -->
