<?xml version="1.0" encoding="UTF-8"?>
<!-- Generated by org.testng.reporters.JUnitReportReporter -->
<testsuite hostname="Vipin99Lappi" failures="0" tests="3" name="Runner.test_lounch_page" time="29.237" errors="0" timestamp="2023-07-18T18:48:54 IST" skipped="0">
  <testcase classname="Runner.test_lounch_page" name="test_launch_site" time="5.789"/>
  <testcase classname="Runner.test_lounch_page" name="test_customerLoginbtn" time="13.265"/>
  <testcase classname="Runner.test_lounch_page" name="Test_BankmanagerLoginbtn" time="10.183"/>
</testsuite> <!-- Runner.test_lounch_page -->
