<?xml version="1.0" encoding="UTF-8"?>
<!-- Generated by org.testng.reporters.JUnitReportReporter -->
<testsuite hostname="Vipin99Lappi" failures="0" tests="1" name="Runner_class.Test_run_testng" time="0.014" errors="0" timestamp="2023-07-08T19:23:37 IST" skipped="0">
  <testcase classname="Runner_class.Test_run_testng" name="test1" time="0.014"/>
</testsuite> <!-- Runner_class.Test_run_testng -->
