<?xml version="1.0" encoding="UTF-8"?>
<!-- Generated by org.testng.reporters.JUnitReportReporter -->
<testsuite hostname="Vipin99Lappi" failures="0" tests="15" name="Runner.test_Bank_manager_oprations" time="133.582" errors="0" timestamp="2023-07-24T19:42:35 IST" skipped="0">
  <testcase classname="Runner.test_Bank_manager_oprations" name="test_launch_site" time="4.871"/>
  <testcase classname="Runner.test_Bank_manager_oprations" name="test_customerLoginbtn" time="13.145"/>
  <testcase classname="Runner.test_Bank_manager_oprations" name="Test_BankmanagerLoginbtn" time="13.110"/>
  <testcase classname="Runner.test_Bank_manager_oprations" name="costomer_login_oprations" time="25.831"/>
  <testcase classname="Runner.test_Bank_manager_oprations" name="depoit_opration" time="12.274"/>
  <testcase classname="Runner.test_Bank_manager_oprations" name="withdrawl_Opration" time="16.272"/>
  <testcase classname="Runner.test_Bank_manager_oprations" name="test_transactions" time="11.272"/>
  <testcase classname="Runner.test_Bank_manager_oprations" name="Click_on_logout_by_customer" time="0.138"/>
  <testcase classname="Runner.test_Bank_manager_oprations" name="click_bankManagerLogin" time="0.053"/>
  <testcase classname="Runner.test_Bank_manager_oprations" name="test_addCustomer" time="15.481"/>
  <testcase classname="Runner.test_Bank_manager_oprations" name="test_addcustomer" time="5.295"/>
  <testcase classname="Runner.test_Bank_manager_oprations" name="test_currency" time="3.238"/>
  <testcase classname="Runner.test_Bank_manager_oprations" name="click_process" time="3.077"/>
  <testcase classname="Runner.test_Bank_manager_oprations" name="click_customers" time="0.078"/>
  <testcase classname="Runner.test_Bank_manager_oprations" name="entercustomer_to_search" time="9.447"/>
</testsuite> <!-- Runner.test_Bank_manager_oprations -->
