<?xml version="1.0" encoding="UTF-8"?>
<!-- Generated by org.testng.reporters.JUnitReportReporter -->
<testsuite hostname="Vipin99Lappi" failures="0" tests="3" name="Runner.test_launch_page" time="29.408" errors="0" timestamp="2023-07-19T00:30:21 IST" skipped="0">
  <testcase classname="Runner.test_launch_page" name="test_launch_site" time="3.150"/>
  <testcase classname="Runner.test_launch_page" name="test_customerLoginbtn" time="13.154"/>
  <testcase classname="Runner.test_launch_page" name="Test_BankmanagerLoginbtn" time="13.104"/>
</testsuite> <!-- Runner.test_launch_page -->
