<?xml version="1.0" encoding="UTF-8"?>
<!-- Generated by org.testng.reporters.JUnitReportReporter -->
<testsuite hostname="Vipin99Lappi" failures="0" tests="3" name="Runner.test_launch" time="28.687" errors="0" timestamp="2023-07-18T17:24:09 IST" skipped="0">
  <testcase classname="Runner.test_launch" name="test_launch_site" time="5.284"/>
  <testcase classname="Runner.test_launch" name="test_customerLoginbtn" time="13.211"/>
  <testcase classname="Runner.test_launch" name="Test_BankmanagerLoginbtn" time="10.192"/>
</testsuite> <!-- Runner.test_launch -->
