<?xml version="1.0" encoding="UTF-8"?>
<!-- Generated by org.testng.reporters.JUnitReportReporter -->
<testsuite hostname="Vipin99Lappi" failures="0" tests="8" name="Runner.test_user_logoutOprations" time="113.195" errors="0" timestamp="2023-07-20T22:32:15 IST" skipped="0">
  <testcase classname="Runner.test_user_logoutOprations" name="test_launch_site" time="6.079"/>
  <testcase classname="Runner.test_user_logoutOprations" name="test_customerLoginbtn" time="26.678"/>
  <testcase classname="Runner.test_user_logoutOprations" name="Test_BankmanagerLoginbtn" time="13.213"/>
  <testcase classname="Runner.test_user_logoutOprations" name="costomer_login_oprations" time="26.525"/>
  <testcase classname="Runner.test_user_logoutOprations" name="depoit_opration" time="12.528"/>
  <testcase classname="Runner.test_user_logoutOprations" name="withdrawl_Opration" time="16.423"/>
  <testcase classname="Runner.test_user_logoutOprations" name="test_transactions" time="11.517"/>
  <testcase classname="Runner.test_user_logoutOprations" name="Click_on_logout_by_customer" time="0.232"/>
</testsuite> <!-- Runner.test_user_logoutOprations -->
