<?xml version="1.0" encoding="UTF-8"?>
<!-- Generated by org.testng.reporters.JUnitReportReporter -->
<testsuite hostname="Vipin99Lappi" failures="0" tests="7" name="Runner.test_user_logoutOprations" time="95.343" errors="0" timestamp="2023-07-19T19:50:22 IST" skipped="0">
  <testcase classname="Runner.test_user_logoutOprations" name="test_launch_site" time="3.405"/>
  <testcase classname="Runner.test_user_logoutOprations" name="test_customerLoginbtn" time="13.141"/>
  <testcase classname="Runner.test_user_logoutOprations" name="Test_BankmanagerLoginbtn" time="13.110"/>
  <testcase classname="Runner.test_user_logoutOprations" name="costomer_login_oprations" time="25.872"/>
  <testcase classname="Runner.test_user_logoutOprations" name="depoit_opration" time="12.285"/>
  <testcase classname="Runner.test_user_logoutOprations" name="withdrawl_Opration" time="16.271"/>
  <testcase classname="Runner.test_user_logoutOprations" name="test_transactions" time="11.259"/>
</testsuite> <!-- Runner.test_user_logoutOprations -->
