<?xml version="1.0" encoding="UTF-8"?>
<!-- Generated by org.testng.reporters.JUnitReportReporter -->
<testsuite hostname="Vipin99Lappi" failures="0" tests="1" name="Runner.Runeer" time="5.688" errors="0" timestamp="2023-07-08T22:23:41 IST" skipped="0">
  <testcase classname="Runner.Runeer" name="test" time="5.688"/>
</testsuite> <!-- Runner.Runeer -->
