<?xml version="1.0" encoding="UTF-8"?>
<!-- Generated by org.testng.reporters.JUnitReportReporter -->
<testsuite hostname="Vipin99Lappi" failures="0" tests="7" name="Runner.test_user_oprations" time="96.191" errors="0" timestamp="2023-07-21T13:50:23 IST" skipped="0">
  <testcase classname="Runner.test_user_oprations" name="test_launch_site" time="4.149"/>
  <testcase classname="Runner.test_user_oprations" name="test_customerLoginbtn" time="13.132"/>
  <testcase classname="Runner.test_user_oprations" name="Test_BankmanagerLoginbtn" time="13.119"/>
  <testcase classname="Runner.test_user_oprations" name="costomer_login_oprations" time="25.885"/>
  <testcase classname="Runner.test_user_oprations" name="depoit_opration" time="12.347"/>
  <testcase classname="Runner.test_user_oprations" name="withdrawl_Opration" time="16.290"/>
  <testcase classname="Runner.test_user_oprations" name="test_transactions" time="11.269"/>
</testsuite> <!-- Runner.test_user_oprations -->
