<?xml version="1.0" encoding="UTF-8"?>
<!-- Generated by org.testng.reporters.JUnitReportReporter -->
<testsuite hostname="Vipin99Lappi" failures="0" tests="15" name="Runner.test_Bank_manager_oprations" time="135.396" errors="0" timestamp="2023-07-20T22:44:12 IST" skipped="0">
  <testcase classname="Runner.test_Bank_manager_oprations" name="test_launch_site" time="4.502"/>
  <testcase classname="Runner.test_Bank_manager_oprations" name="test_customerLoginbtn" time="13.294"/>
  <testcase classname="Runner.test_Bank_manager_oprations" name="Test_BankmanagerLoginbtn" time="13.193"/>
  <testcase classname="Runner.test_Bank_manager_oprations" name="costomer_login_oprations" time="26.558"/>
  <testcase classname="Runner.test_Bank_manager_oprations" name="depoit_opration" time="12.705"/>
  <testcase classname="Runner.test_Bank_manager_oprations" name="withdrawl_Opration" time="16.460"/>
  <testcase classname="Runner.test_Bank_manager_oprations" name="test_transactions" time="11.568"/>
  <testcase classname="Runner.test_Bank_manager_oprations" name="Click_on_logout_by_customer" time="0.218"/>
  <testcase classname="Runner.test_Bank_manager_oprations" name="click_bankManagerLogin" time="0.098"/>
  <testcase classname="Runner.test_Bank_manager_oprations" name="test_addCustomer" time="15.818"/>
  <testcase classname="Runner.test_Bank_manager_oprations" name="test_addcustomer" time="5.570"/>
  <testcase classname="Runner.test_Bank_manager_oprations" name="test_currency" time="3.403"/>
  <testcase classname="Runner.test_Bank_manager_oprations" name="click_process" time="3.107"/>
  <testcase classname="Runner.test_Bank_manager_oprations" name="click_customers" time="0.138"/>
  <testcase classname="Runner.test_Bank_manager_oprations" name="entercustomer_to_search" time="8.764"/>
</testsuite> <!-- Runner.test_Bank_manager_oprations -->
