<?xml version="1.0" encoding="UTF-8"?>
<!-- Generated by org.testng.reporters.JUnitReportReporter -->
<testsuite hostname="Vipin99Lappi" failures="0" tests="15" name="Runner.test_Bank_manager_oprations" time="133.668" errors="0" timestamp="2023-07-21T17:00:57 IST" skipped="0">
  <testcase classname="Runner.test_Bank_manager_oprations" name="test_launch_site" time="5.936"/>
  <testcase classname="Runner.test_Bank_manager_oprations" name="test_customerLoginbtn" time="13.148"/>
  <testcase classname="Runner.test_Bank_manager_oprations" name="Test_BankmanagerLoginbtn" time="13.112"/>
  <testcase classname="Runner.test_Bank_manager_oprations" name="costomer_login_oprations" time="25.882"/>
  <testcase classname="Runner.test_Bank_manager_oprations" name="depoit_opration" time="12.278"/>
  <testcase classname="Runner.test_Bank_manager_oprations" name="withdrawl_Opration" time="16.261"/>
  <testcase classname="Runner.test_Bank_manager_oprations" name="test_transactions" time="11.256"/>
  <testcase classname="Runner.test_Bank_manager_oprations" name="Click_on_logout_by_customer" time="0.097"/>
  <testcase classname="Runner.test_Bank_manager_oprations" name="click_bankManagerLogin" time="0.052"/>
  <testcase classname="Runner.test_Bank_manager_oprations" name="test_addCustomer" time="15.452"/>
  <testcase classname="Runner.test_Bank_manager_oprations" name="test_addcustomer" time="5.277"/>
  <testcase classname="Runner.test_Bank_manager_oprations" name="test_currency" time="3.206"/>
  <testcase classname="Runner.test_Bank_manager_oprations" name="click_process" time="3.059"/>
  <testcase classname="Runner.test_Bank_manager_oprations" name="click_customers" time="0.077"/>
  <testcase classname="Runner.test_Bank_manager_oprations" name="entercustomer_to_search" time="8.575"/>
</testsuite> <!-- Runner.test_Bank_manager_oprations -->
