<?xml version="1.0" encoding="UTF-8"?>
<!-- Generated by org.testng.reporters.JUnitReportReporter -->
<testsuite hostname="Vipin99Lappi" failures="0" tests="3" name="Runner.test_launch_page" time="29.417" errors="0" timestamp="2023-07-20T22:32:15 IST" skipped="0">
  <testcase classname="Runner.test_launch_page" name="test_launch_site" time="2.966"/>
  <testcase classname="Runner.test_launch_page" name="test_customerLoginbtn" time="13.231"/>
  <testcase classname="Runner.test_launch_page" name="Test_BankmanagerLoginbtn" time="13.220"/>
</testsuite> <!-- Runner.test_launch_page -->
