<?xml version="1.0" encoding="UTF-8"?>
<!-- Generated by org.testng.reporters.JUnitReportReporter -->
<testsuite hostname="Vipin99Lappi" failures="0" tests="15" name="Runner.test_Bank_manager_oprations" time="139.690" errors="0" timestamp="2023-07-20T00:29:09 IST" skipped="0">
  <testcase classname="Runner.test_Bank_manager_oprations" name="test_launch_site" time="8.585"/>
  <testcase classname="Runner.test_Bank_manager_oprations" name="test_customerLoginbtn" time="13.274"/>
  <testcase classname="Runner.test_Bank_manager_oprations" name="Test_BankmanagerLoginbtn" time="13.200"/>
  <testcase classname="Runner.test_Bank_manager_oprations" name="costomer_login_oprations" time="26.447"/>
  <testcase classname="Runner.test_Bank_manager_oprations" name="depoit_opration" time="12.488"/>
  <testcase classname="Runner.test_Bank_manager_oprations" name="withdrawl_Opration" time="16.447"/>
  <testcase classname="Runner.test_Bank_manager_oprations" name="test_transactions" time="11.472"/>
  <testcase classname="Runner.test_Bank_manager_oprations" name="Click_on_logout_by_customer" time="0.208"/>
  <testcase classname="Runner.test_Bank_manager_oprations" name="click_bankManagerLogin" time="0.105"/>
  <testcase classname="Runner.test_Bank_manager_oprations" name="test_addCustomer" time="15.875"/>
  <testcase classname="Runner.test_Bank_manager_oprations" name="test_addcustomer" time="5.533"/>
  <testcase classname="Runner.test_Bank_manager_oprations" name="test_currency" time="3.390"/>
  <testcase classname="Runner.test_Bank_manager_oprations" name="click_process" time="3.128"/>
  <testcase classname="Runner.test_Bank_manager_oprations" name="click_customers" time="0.134"/>
  <testcase classname="Runner.test_Bank_manager_oprations" name="entercustomer_to_search" time="9.404"/>
</testsuite> <!-- Runner.test_Bank_manager_oprations -->
