<?xml version="1.0" encoding="UTF-8"?>
<!-- Generated by org.testng.reporters.JUnitReportReporter -->
<testsuite hostname="Vipin99Lappi" failures="0" tests="15" name="Runner.test_Bank_manager_oprations" time="131.744" errors="0" timestamp="2023-07-28T00:08:20 IST" skipped="0">
  <testcase classname="Runner.test_Bank_manager_oprations" name="test_launch_site" time="0.038"/>
  <testcase classname="Runner.test_Bank_manager_oprations" name="test_customerLoginbtn" time="13.267"/>
  <testcase classname="Runner.test_Bank_manager_oprations" name="Test_BankmanagerLoginbtn" time="13.203"/>
  <testcase classname="Runner.test_Bank_manager_oprations" name="costomer_login_oprations" time="26.504"/>
  <testcase classname="Runner.test_Bank_manager_oprations" name="depoit_opration" time="12.565"/>
  <testcase classname="Runner.test_Bank_manager_oprations" name="withdrawl_Opration" time="16.501"/>
  <testcase classname="Runner.test_Bank_manager_oprations" name="test_transactions" time="11.516"/>
  <testcase classname="Runner.test_Bank_manager_oprations" name="Click_on_logout_by_customer" time="0.200"/>
  <testcase classname="Runner.test_Bank_manager_oprations" name="click_bankManagerLogin" time="0.102"/>
  <testcase classname="Runner.test_Bank_manager_oprations" name="test_addCustomer" time="15.760"/>
  <testcase classname="Runner.test_Bank_manager_oprations" name="test_addcustomer" time="5.495"/>
  <testcase classname="Runner.test_Bank_manager_oprations" name="test_currency" time="3.345"/>
  <testcase classname="Runner.test_Bank_manager_oprations" name="click_process" time="3.095"/>
  <testcase classname="Runner.test_Bank_manager_oprations" name="click_customers" time="0.093"/>
  <testcase classname="Runner.test_Bank_manager_oprations" name="entercustomer_to_search" time="10.060"/>
</testsuite> <!-- Runner.test_Bank_manager_oprations -->
