<?xml version="1.0" encoding="UTF-8"?>
<!-- Generated by org.testng.reporters.JUnitReportReporter -->
<testsuite hostname="Vipin99Lappi" failures="0" tests="15" name="Runner.test_Bank_manager_oprations" time="130.730" errors="0" timestamp="2023-07-21T13:50:23 IST" skipped="0">
  <testcase classname="Runner.test_Bank_manager_oprations" name="test_launch_site" time="2.682"/>
  <testcase classname="Runner.test_Bank_manager_oprations" name="test_customerLoginbtn" time="13.130"/>
  <testcase classname="Runner.test_Bank_manager_oprations" name="Test_BankmanagerLoginbtn" time="13.119"/>
  <testcase classname="Runner.test_Bank_manager_oprations" name="costomer_login_oprations" time="25.814"/>
  <testcase classname="Runner.test_Bank_manager_oprations" name="depoit_opration" time="12.310"/>
  <testcase classname="Runner.test_Bank_manager_oprations" name="withdrawl_Opration" time="16.267"/>
  <testcase classname="Runner.test_Bank_manager_oprations" name="test_transactions" time="11.262"/>
  <testcase classname="Runner.test_Bank_manager_oprations" name="Click_on_logout_by_customer" time="0.105"/>
  <testcase classname="Runner.test_Bank_manager_oprations" name="click_bankManagerLogin" time="0.055"/>
  <testcase classname="Runner.test_Bank_manager_oprations" name="test_addCustomer" time="15.464"/>
  <testcase classname="Runner.test_Bank_manager_oprations" name="test_addcustomer" time="5.274"/>
  <testcase classname="Runner.test_Bank_manager_oprations" name="test_currency" time="3.221"/>
  <testcase classname="Runner.test_Bank_manager_oprations" name="click_process" time="3.071"/>
  <testcase classname="Runner.test_Bank_manager_oprations" name="click_customers" time="0.090"/>
  <testcase classname="Runner.test_Bank_manager_oprations" name="entercustomer_to_search" time="8.866"/>
</testsuite> <!-- Runner.test_Bank_manager_oprations -->
