<?xml version="1.0" encoding="UTF-8"?>
<!-- Generated by org.testng.reporters.JUnitReportReporter -->
<testsuite hostname="Vipin99Lappi" failures="0" tests="7" name="Runner.test_user_oprations" time="98.632" errors="0" timestamp="2023-07-20T22:32:15 IST" skipped="0">
  <testcase classname="Runner.test_user_oprations" name="test_launch_site" time="5.165"/>
  <testcase classname="Runner.test_user_oprations" name="test_customerLoginbtn" time="13.265"/>
  <testcase classname="Runner.test_user_oprations" name="Test_BankmanagerLoginbtn" time="13.218"/>
  <testcase classname="Runner.test_user_oprations" name="costomer_login_oprations" time="26.446"/>
  <testcase classname="Runner.test_user_oprations" name="depoit_opration" time="12.558"/>
  <testcase classname="Runner.test_user_oprations" name="withdrawl_Opration" time="16.435"/>
  <testcase classname="Runner.test_user_oprations" name="test_transactions" time="11.545"/>
</testsuite> <!-- Runner.test_user_oprations -->
